#
# There is insufficient memory for the Java Runtime Environment to continue.
# Native memory allocation (malloc) failed to allocate 733296 bytes for Chunk::new
# Possible reasons:
#   The system is out of physical RAM or swap space
#   In 32 bit mode, the process size limit was hit
# Possible solutions:
#   Reduce memory load on the system
#   Increase physical memory or swap space
#   Check if swap backing store is full
#   Use 64 bit Java on a 64 bit OS
#   Decrease Java heap size (-Xmx/-Xms)
#   Decrease number of Java threads
#   Decrease Java thread stack sizes (-Xss)
#   Set larger code cache with -XX:ReservedCodeCacheSize=
# This output file may be truncated or incomplete.
#
#  Out of Memory Error (allocation.cpp:390), pid=6080, tid=0x00000000000019e0
#
# JRE version: OpenJDK Runtime Environment (8.0_131-b11) (build 1.8.0_131-b11)
# Java VM: OpenJDK 64-Bit Server VM (25.131-b11 mixed mode windows-amd64 compressed oops)
# Failed to write core dump. Minidumps are not enabled by default on client versions of Windows
#

---------------  T H R E A D  ---------------

Current thread (0x0000000056bb1000):  JavaThread "C2 CompilerThread1" daemon [_thread_in_native, id=6624, stack(0x0000000056840000,0x0000000056940000)]

Stack: [0x0000000056840000,0x0000000056940000]
[error occurred during error reporting (printing stack bounds), id 0xc0000005]

Native frames: (J=compiled Java code, j=interpreted, Vv=VM code, C=native code)


Current CompileTask:
C2:   3767 1287   !   4       java.net.URLClassLoader$1::run (63 bytes)


---------------  P R O C E S S  ---------------

Java Threads: ( => current thread )
  0x0000000058857000 JavaThread "File lock request listener" [_thread_in_native, id=6224, stack(0x0000000059e90000,0x0000000059f90000)]
  0x00000000583cb000 JavaThread "Cache worker for file hash cache (C:\Users\tfarmer\.gradle\caches\3.4.1\fileHashes)" [_thread_blocked, id=8980, stack(0x0000000059cf0000,0x0000000059df0000)]
  0x0000000057f2c800 JavaThread "Stdin handler" [_thread_blocked, id=6604, stack(0x00000000570d0000,0x00000000571d0000)]
  0x00000000581a5000 JavaThread "Asynchronous log dispatcher for DefaultDaemonConnection: socket connection from /127.0.0.1:53054 to /127.0.0.1:53055" [_thread_blocked, id=5308, stack(0x0000000059b50000,0x0000000059c50000)]
  0x0000000058025000 JavaThread "Daemon worker" [_thread_in_native, id=8540, stack(0x0000000059990000,0x0000000059a90000)]
  0x0000000058022800 JavaThread "Cancel handler" [_thread_blocked, id=9256, stack(0x0000000059880000,0x0000000059980000)]
  0x0000000057ea0000 JavaThread "Handler for socket connection from /127.0.0.1:53054 to /127.0.0.1:53055" [_thread_in_native, id=9108, stack(0x00000000594e0000,0x00000000595e0000)]
  0x0000000057e9f000 JavaThread "Daemon" [_thread_blocked, id=5896, stack(0x00000000593c0000,0x00000000594c0000)]
  0x00000000580af000 JavaThread "Daemon periodic checks" [_thread_blocked, id=8556, stack(0x0000000059170000,0x0000000059270000)]
  0x0000000057cd3000 JavaThread "Incoming local TCP Connector on port 53054" [_thread_in_native, id=5392, stack(0x0000000059270000,0x0000000059370000)]
  0x0000000056c30800 JavaThread "Service Thread" daemon [_thread_blocked, id=8640, stack(0x0000000057220000,0x0000000057320000)]
  0x0000000056bb6000 JavaThread "C1 CompilerThread2" daemon [_thread_blocked, id=9612, stack(0x0000000056fd0000,0x00000000570d0000)]
=>0x0000000056bb1000 JavaThread "C2 CompilerThread1" daemon [_thread_in_native, id=6624, stack(0x0000000056840000,0x0000000056940000)]
  0x0000000055385800 JavaThread "C2 CompilerThread0" daemon [_thread_in_native, id=1624, stack(0x0000000056ab0000,0x0000000056bb0000)]
  0x0000000055382000 JavaThread "Attach Listener" daemon [_thread_blocked, id=2236, stack(0x0000000056940000,0x0000000056a40000)]
  0x0000000055380800 JavaThread "Signal Dispatcher" daemon [_thread_blocked, id=5892, stack(0x00000000566a0000,0x00000000567a0000)]
  0x0000000055369800 JavaThread "Finalizer" daemon [_thread_blocked, id=6032, stack(0x0000000056590000,0x0000000056690000)]
  0x0000000055322800 JavaThread "Reference Handler" daemon [_thread_blocked, id=3780, stack(0x00000000563e0000,0x00000000564e0000)]
  0x000000000229f000 JavaThread "main" [_thread_blocked, id=4712, stack(0x0000000002570000,0x0000000002670000)]

Other Threads:
  0x000000005531b000 VMThread [stack: 0x00000000561e0000,0x00000000562e0000] [id=8696]
  0x0000000056c31800 WatcherThread [stack: 0x00000000573e0000,0x00000000574e0000] [id=5460]

VM state:not at safepoint (normal execution)

VM Mutex/Monitor currently owned by a thread: None

Heap:
 PSYoungGen      total 37888K, used 15083K [0x00000000eab00000, 0x00000000ed500000, 0x0000000100000000)
  eden space 32768K, 30% used [0x00000000eab00000,0x00000000eb4bcfb0,0x00000000ecb00000)
  from space 5120K, 99% used [0x00000000ecb00000,0x00000000ecffdf58,0x00000000ed000000)
  to   space 5120K, 0% used [0x00000000ed000000,0x00000000ed000000,0x00000000ed500000)
 ParOldGen       total 86016K, used 3631K [0x00000000c0000000, 0x00000000c5400000, 0x00000000eab00000)
  object space 86016K, 4% used [0x00000000c0000000,0x00000000c038be38,0x00000000c5400000)
 Metaspace       used 18871K, capacity 19196K, committed 19328K, reserved 1067008K
  class space    used 2556K, capacity 2664K, committed 2688K, reserved 1048576K

Card table byte_map: [0x0000000011d00000,0x0000000011f10000] byte_map_base: 0x0000000011700000

Marking Bits: (ParMarkBitMap*) 0x0000000068364980
 Begin Bits: [0x0000000012790000, 0x0000000013790000)
 End Bits:   [0x0000000013790000, 0x0000000014790000)

Polling page: 0x0000000000360000

CodeCache: size=245760Kb used=5029Kb max_used=5029Kb free=240730Kb
 bounds [0x0000000002940000, 0x0000000002e30000, 0x0000000011940000]
 total_blobs=1831 nmethods=1447 adapters=297
 compilation: enabled

Compilation events (10 events):
Event: 3.713 Thread 0x0000000056bb6000 1452       3       groovy.lang.MetaClassImpl::checkIfStdMethod (178 bytes)
Event: 3.716 Thread 0x0000000056bb6000 nmethod 1452 0x0000000002e24650 code [0x0000000002e24920, 0x0000000002e25e68]
Event: 3.716 Thread 0x0000000056bb6000 1453       3       groovy.lang.MetaClassImpl::checkIfGroovyObjectMethod (57 bytes)
Event: 3.717 Thread 0x0000000056bb6000 nmethod 1453 0x0000000002e264d0 code [0x0000000002e26700, 0x0000000002e27518]
Event: 3.717 Thread 0x0000000056bb6000 1454       3       groovy.lang.MetaClassImpl::isGenericGetMethod (44 bytes)
Event: 3.718 Thread 0x0000000056bb6000 nmethod 1454 0x0000000002e278d0 code [0x0000000002e27a80, 0x0000000002e28028]
Event: 3.718 Thread 0x0000000056bb6000 1455       3       org.codehaus.groovy.runtime.MetaClassHelper::isGenericSetMethod (28 bytes)
Event: 3.718 Thread 0x0000000056bb6000 nmethod 1455 0x0000000002e281d0 code [0x0000000002e28360, 0x0000000002e28808]
Event: 3.718 Thread 0x0000000056bb6000 1456       3       com.sun.beans.TypeResolver::erase (167 bytes)
Event: 3.720 Thread 0x0000000056bb6000 nmethod 1456 0x0000000002e28990 code [0x0000000002e28cc0, 0x0000000002e2a908]

GC Heap History (6 events):
Event: 1.190 GC heap before
{Heap before GC invocations=1 (full 0):
 PSYoungGen      total 37888K, used 32768K [0x00000000eab00000, 0x00000000ed500000, 0x0000000100000000)
  eden space 32768K, 100% used [0x00000000eab00000,0x00000000ecb00000,0x00000000ecb00000)
  from space 5120K, 0% used [0x00000000ed000000,0x00000000ed000000,0x00000000ed500000)
  to   space 5120K, 0% used [0x00000000ecb00000,0x00000000ecb00000,0x00000000ed000000)
 ParOldGen       total 86016K, used 0K [0x00000000c0000000, 0x00000000c5400000, 0x00000000eab00000)
  object space 86016K, 0% used [0x00000000c0000000,0x00000000c0000000,0x00000000c5400000)
 Metaspace       used 6873K, capacity 7008K, committed 7040K, reserved 1056768K
  class space    used 838K, capacity 888K, committed 896K, reserved 1048576K
Event: 1.198 GC heap after
Heap after GC invocations=1 (full 0):
 PSYoungGen      total 37888K, used 4314K [0x00000000eab00000, 0x00000000ed500000, 0x0000000100000000)
  eden space 32768K, 0% used [0x00000000eab00000,0x00000000eab00000,0x00000000ecb00000)
  from space 5120K, 84% used [0x00000000ecb00000,0x00000000ecf36bd8,0x00000000ed000000)
  to   space 5120K, 0% used [0x00000000ed000000,0x00000000ed000000,0x00000000ed500000)
 ParOldGen       total 86016K, used 8K [0x00000000c0000000, 0x00000000c5400000, 0x00000000eab00000)
  object space 86016K, 0% used [0x00000000c0000000,0x00000000c0002000,0x00000000c5400000)
 Metaspace       used 6873K, capacity 7008K, committed 7040K, reserved 1056768K
  class space    used 838K, capacity 888K, committed 896K, reserved 1048576K
}
Event: 2.340 GC heap before
{Heap before GC invocations=2 (full 0):
 PSYoungGen      total 37888K, used 37082K [0x00000000eab00000, 0x00000000ed500000, 0x0000000100000000)
  eden space 32768K, 100% used [0x00000000eab00000,0x00000000ecb00000,0x00000000ecb00000)
  from space 5120K, 84% used [0x00000000ecb00000,0x00000000ecf36bd8,0x00000000ed000000)
  to   space 5120K, 0% used [0x00000000ed000000,0x00000000ed000000,0x00000000ed500000)
 ParOldGen       total 86016K, used 8K [0x00000000c0000000, 0x00000000c5400000, 0x00000000eab00000)
  object space 86016K, 0% used [0x00000000c0000000,0x00000000c0002000,0x00000000c5400000)
 Metaspace       used 12231K, capacity 12540K, committed 12800K, reserved 1060864K
  class space    used 1647K, capacity 1768K, committed 1792K, reserved 1048576K
Event: 2.351 GC heap after
Heap after GC invocations=2 (full 0):
 PSYoungGen      total 37888K, used 5117K [0x00000000eab00000, 0x00000000ed500000, 0x0000000100000000)
  eden space 32768K, 0% used [0x00000000eab00000,0x00000000eab00000,0x00000000ecb00000)
  from space 5120K, 99% used [0x00000000ed000000,0x00000000ed4ff550,0x00000000ed500000)
  to   space 5120K, 0% used [0x00000000ecb00000,0x00000000ecb00000,0x00000000ed000000)
 ParOldGen       total 86016K, used 769K [0x00000000c0000000, 0x00000000c5400000, 0x00000000eab00000)
  object space 86016K, 0% used [0x00000000c0000000,0x00000000c00c05b0,0x00000000c5400000)
 Metaspace       used 12231K, capacity 12540K, committed 12800K, reserved 1060864K
  class space    used 1647K, capacity 1768K, committed 1792K, reserved 1048576K
}
Event: 3.323 GC heap before
{Heap before GC invocations=3 (full 0):
 PSYoungGen      total 37888K, used 37885K [0x00000000eab00000, 0x00000000ed500000, 0x0000000100000000)
  eden space 32768K, 100% used [0x00000000eab00000,0x00000000ecb00000,0x00000000ecb00000)
  from space 5120K, 99% used [0x00000000ed000000,0x00000000ed4ff550,0x00000000ed500000)
  to   space 5120K, 0% used [0x00000000ecb00000,0x00000000ecb00000,0x00000000ed000000)
 ParOldGen       total 86016K, used 769K [0x00000000c0000000, 0x00000000c5400000, 0x00000000eab00000)
  object space 86016K, 0% used [0x00000000c0000000,0x00000000c00c05b0,0x00000000c5400000)
 Metaspace       used 15995K, capacity 16316K, committed 16512K, reserved 1062912K
  class space    used 2230K, capacity 2344K, committed 2432K, reserved 1048576K
Event: 3.337 GC heap after
Heap after GC invocations=3 (full 0):
 PSYoungGen      total 37888K, used 5111K [0x00000000eab00000, 0x00000000ed500000, 0x0000000100000000)
  eden space 32768K, 0% used [0x00000000eab00000,0x00000000eab00000,0x00000000ecb00000)
  from space 5120K, 99% used [0x00000000ecb00000,0x00000000ecffdf58,0x00000000ed000000)
  to   space 5120K, 0% used [0x00000000ed000000,0x00000000ed000000,0x00000000ed500000)
 ParOldGen       total 86016K, used 3631K [0x00000000c0000000, 0x00000000c5400000, 0x00000000eab00000)
  object space 86016K, 4% used [0x00000000c0000000,0x00000000c038be38,0x00000000c5400000)
 Metaspace       used 15995K, capacity 16316K, committed 16512K, reserved 1062912K
  class space    used 2230K, capacity 2344K, committed 2432K, reserved 1048576K
}

Deoptimization events (10 events):
Event: 1.556 Thread 0x000000000229f000 Uncommon trap: reason=unstable_if action=reinterpret pc=0x0000000002c2bbfc method=java.io.WinNTFileSystem.normalize(Ljava/lang/String;II)Ljava/lang/String; @ 90
Event: 1.576 Thread 0x000000000229f000 Uncommon trap: reason=unstable_if action=reinterpret pc=0x0000000002bcaa4c method=java.lang.String.substring(I)Ljava/lang/String; @ 35
Event: 1.672 Thread 0x000000000229f000 Uncommon trap: reason=unstable_if action=reinterpret pc=0x0000000002ba1880 method=java.util.HashMap.getNode(ILjava/lang/Object;)Ljava/util/HashMap$Node; @ 129
Event: 1.672 Thread 0x000000000229f000 Uncommon trap: reason=bimorphic action=maybe_recompile pc=0x0000000002bb90cc method=java.util.HashMap.putVal(ILjava/lang/Object;Ljava/lang/Object;ZZ)Ljava/lang/Object; @ 203
Event: 1.672 Thread 0x000000000229f000 Uncommon trap: reason=unstable_if action=reinterpret pc=0x0000000002b91de8 method=java.util.HashMap.getNode(ILjava/lang/Object;)Ljava/util/HashMap$Node; @ 129
Event: 1.672 Thread 0x000000000229f000 Uncommon trap: reason=bimorphic action=maybe_recompile pc=0x0000000002bb90cc method=java.util.HashMap.putVal(ILjava/lang/Object;Ljava/lang/Object;ZZ)Ljava/lang/Object; @ 203
Event: 2.235 Thread 0x0000000058025000 Uncommon trap: reason=bimorphic action=maybe_recompile pc=0x0000000002c526f0 method=java.util.HashMap.putVal(ILjava/lang/Object;Ljava/lang/Object;ZZ)Ljava/lang/Object; @ 253
Event: 2.235 Thread 0x0000000058025000 Uncommon trap: reason=bimorphic action=maybe_recompile pc=0x0000000002c526f0 method=java.util.HashMap.putVal(ILjava/lang/Object;Ljava/lang/Object;ZZ)Ljava/lang/Object; @ 253
Event: 2.455 Thread 0x0000000058025000 Uncommon trap: reason=class_check action=maybe_recompile pc=0x0000000002ba2d4c method=java.util.regex.Matcher.match(II)Z @ 86
Event: 2.474 Thread 0x0000000058025000 Uncommon trap: reason=class_check action=maybe_recompile pc=0x0000000002ba2d4c method=java.util.regex.Matcher.match(II)Z @ 86

Internal exceptions (10 events):
Event: 3.679 Thread 0x0000000058025000 Exception <a 'java/lang/ClassNotFoundException': groovy/lang/ExpandoMetaClassBeanInfo> (0x00000000eb1a0ed0) thrown at [C:\jenkins\workspace\zulu8-silver-build-win64\zulu-src\hotspot\src\share\vm\classfile\systemDictionary.cpp, line 210]
Event: 3.680 Thread 0x0000000058025000 Exception <a 'java/lang/ClassNotFoundException': groovy/lang/MetaClassImplBeanInfo> (0x00000000eb1ad428) thrown at [C:\jenkins\workspace\zulu8-silver-build-win64\zulu-src\hotspot\src\share\vm\classfile\systemDictionary.cpp, line 210]
Event: 3.680 Thread 0x0000000058025000 Exception <a 'java/lang/ClassNotFoundException': java/lang/ObjectBeanInfo> (0x00000000eb1b2e00) thrown at [C:\jenkins\workspace\zulu8-silver-build-win64\zulu-src\hotspot\src\share\vm\classfile\systemDictionary.cpp, line 210]
Event: 3.681 Thread 0x0000000058025000 Exception <a 'java/lang/ClassNotFoundException': java/lang/ObjectCustomizer> (0x00000000eb1b8920) thrown at [C:\jenkins\workspace\zulu8-silver-build-win64\zulu-src\hotspot\src\share\vm\classfile\systemDictionary.cpp, line 210]
Event: 3.690 Thread 0x0000000058025000 Exception <a 'java/lang/ClassNotFoundException': groovy/lang/MetaClassImplCustomizer> (0x00000000eb1ccdd0) thrown at [C:\jenkins\workspace\zulu8-silver-build-win64\zulu-src\hotspot\src\share\vm\classfile\systemDictionary.cpp, line 210]
Event: 3.695 Thread 0x0000000058025000 Exception <a 'java/lang/ClassNotFoundException': groovy/lang/ExpandoMetaClassCustomizer> (0x00000000eb2023b0) thrown at [C:\jenkins\workspace\zulu8-silver-build-win64\zulu-src\hotspot\src\share\vm\classfile\systemDictionary.cpp, line 210]
Event: 3.715 Thread 0x0000000058025000 Exception <a 'java/lang/ClassNotFoundException': org/gradle/api/internal/plugins/DefaultExtraPropertiesExtensionBeanInfo> (0x00000000eb289ac0) thrown at [C:\jenkins\workspace\zulu8-silver-build-win64\zulu-src\hotspot\src\share\vm\classfile\systemDictionar
Event: 3.716 Thread 0x0000000058025000 Exception <a 'java/lang/ClassNotFoundException': groovy/lang/GroovyObjectSupportBeanInfo> (0x00000000eb2975a0) thrown at [C:\jenkins\workspace\zulu8-silver-build-win64\zulu-src\hotspot\src\share\vm\classfile\systemDictionary.cpp, line 210]
Event: 3.716 Thread 0x0000000058025000 Exception <a 'java/lang/ClassNotFoundException': groovy/lang/GroovyObjectSupportCustomizer> (0x00000000eb2a5440) thrown at [C:\jenkins\workspace\zulu8-silver-build-win64\zulu-src\hotspot\src\share\vm\classfile\systemDictionary.cpp, line 210]
Event: 3.718 Thread 0x0000000058025000 Exception <a 'java/lang/ClassNotFoundException': org/gradle/api/internal/plugins/DefaultExtraPropertiesExtensionCustomizer> (0x00000000eb2be5d0) thrown at [C:\jenkins\workspace\zulu8-silver-build-win64\zulu-src\hotspot\src\share\vm\classfile\systemDiction

Events (10 events):
Event: 3.759 loading class org/gradle/plugin/use/internal/PluginUseScriptBlockMetadataExtractor
Event: 3.759 loading class org/gradle/plugin/use/internal/PluginUseScriptBlockMetadataExtractor done
Event: 3.760 loading class org/codehaus/groovy/ast/GroovyCodeVisitor
Event: 3.760 loading class org/codehaus/groovy/ast/GroovyCodeVisitor done
Event: 3.761 loading class org/gradle/plugin/use/internal/PluginRequestCollector
Event: 3.761 loading class org/gradle/plugin/use/internal/PluginRequestCollector done
Event: 3.762 loading class org/gradle/plugin/use/internal/InvalidPluginRequestException
Event: 3.762 loading class org/gradle/plugin/use/internal/InvalidPluginRequestException done
Event: 3.762 loading class org/gradle/plugin/use/PluginDependenciesSpec
Event: 3.762 loading class org/gradle/plugin/use/PluginDependenciesSpec done


Dynamic libraries:
0x000000013f5c0000 - 0x000000013f5f5000 	C:\cygwin64\home\frontdesk\.sdkman\candidates\java\8u131-zulu\bin\java.exe
0x0000000077240000 - 0x00000000773ea000 	C:\Windows\SYSTEM32\ntdll.dll
0x0000000077120000 - 0x000000007723f000 	C:\Windows\system32\kernel32.dll
0x000007fefd250000 - 0x000007fefd2ba000 	C:\Windows\system32\KERNELBASE.dll
0x000007feff310000 - 0x000007feff3eb000 	C:\Windows\system32\ADVAPI32.dll
0x000007fefeff0000 - 0x000007feff08f000 	C:\Windows\system32\msvcrt.dll
0x000007feff530000 - 0x000007feff54f000 	C:\Windows\SYSTEM32\sechost.dll
0x000007fefee20000 - 0x000007fefef4d000 	C:\Windows\system32\RPCRT4.dll
0x0000000077020000 - 0x000000007711a000 	C:\Windows\system32\USER32.dll
0x000007feff280000 - 0x000007feff2e7000 	C:\Windows\system32\GDI32.dll
0x000007fefed00000 - 0x000007fefed0e000 	C:\Windows\system32\LPK.dll
0x000007fefe860000 - 0x000007fefe92a000 	C:\Windows\system32\USP10.dll
0x000007fefb8c0000 - 0x000007fefbab4000 	C:\Windows\WinSxS\amd64_microsoft.windows.common-controls_6595b64144ccf1df_6.0.7601.18837_none_fa3b1e3d17594757\COMCTL32.dll
0x000007fefe7e0000 - 0x000007fefe851000 	C:\Windows\system32\SHLWAPI.dll
0x000007fefecd0000 - 0x000007fefecfe000 	C:\Windows\system32\IMM32.DLL
0x000007fefed10000 - 0x000007fefee19000 	C:\Windows\system32\MSCTF.dll
0x000000006b080000 - 0x000000006b152000 	C:\cygwin64\home\frontdesk\.sdkman\candidates\java\8u131-zulu\jre\bin\msvcr100.dll
0x0000000067ba0000 - 0x00000000683df000 	C:\cygwin64\home\frontdesk\.sdkman\candidates\java\8u131-zulu\jre\bin\server\jvm.dll
0x000007fef9580000 - 0x000007fef9589000 	C:\Windows\system32\WSOCK32.dll
0x000007fefe930000 - 0x000007fefe97d000 	C:\Windows\system32\WS2_32.dll
0x000007feff090000 - 0x000007feff098000 	C:\Windows\system32\NSI.dll
0x000007fefb240000 - 0x000007fefb27b000 	C:\Windows\system32\WINMM.dll
0x000007fefbfb0000 - 0x000007fefbfbc000 	C:\Windows\system32\VERSION.dll
0x0000000077410000 - 0x0000000077417000 	C:\Windows\system32\PSAPI.DLL
0x000007feeb650000 - 0x000007feeb676000 	C:\Windows\system32\WRusr.dll
0x000007fefd4f0000 - 0x000007fefe27a000 	C:\Windows\system32\SHELL32.dll
0x000007fefd2f0000 - 0x000007fefd4ec000 	C:\Windows\system32\ole32.dll
0x000007feeb190000 - 0x000007feeb1e4000 	C:\Windows\system32\OLEACC.dll
0x000007feff450000 - 0x000007feff52a000 	C:\Windows\system32\OLEAUT32.dll
0x000007feef810000 - 0x000007feef817000 	C:\Windows\system32\MSIMG32.dll
0x000007fefcf40000 - 0x000007fefcf4f000 	C:\Windows\system32\profapi.dll
0x000007fee4980000 - 0x000007fee498f000 	C:\cygwin64\home\frontdesk\.sdkman\candidates\java\8u131-zulu\jre\bin\verify.dll
0x000007feda150000 - 0x000007feda179000 	C:\cygwin64\home\frontdesk\.sdkman\candidates\java\8u131-zulu\jre\bin\java.dll
0x000007feda220000 - 0x000007feda236000 	C:\cygwin64\home\frontdesk\.sdkman\candidates\java\8u131-zulu\jre\bin\zip.dll
0x000007feda200000 - 0x000007feda21a000 	C:\cygwin64\home\frontdesk\.sdkman\candidates\java\8u131-zulu\jre\bin\net.dll
0x000007fefc7a0000 - 0x000007fefc7f5000 	C:\Windows\system32\mswsock.dll
0x000007fefc790000 - 0x000007fefc797000 	C:\Windows\System32\wship6.dll
0x000007feda130000 - 0x000007feda141000 	C:\cygwin64\home\frontdesk\.sdkman\candidates\java\8u131-zulu\jre\bin\nio.dll
0x000007fed9860000 - 0x000007fed987e000 	C:\Users\tfarmer\.gradle\native\24\windows-amd64\native-platform.dll
0x000007fefc870000 - 0x000007fefc888000 	C:\Windows\system32\CRYPTSP.dll
0x000007fefc3e0000 - 0x000007fefc427000 	C:\Windows\system32\rsaenh.dll
0x000007fefcf60000 - 0x000007fefcf7e000 	C:\Windows\system32\USERENV.dll
0x000007fefcdd0000 - 0x000007fefcddf000 	C:\Windows\system32\CRYPTBASE.dll
0x000007fefa890000 - 0x000007fefa8b7000 	C:\Windows\system32\IPHLPAPI.DLL
0x000007fefa880000 - 0x000007fefa88b000 	C:\Windows\system32\WINNSI.DLL
0x000007fefa240000 - 0x000007fefa251000 	C:\Windows\system32\dhcpcsvc6.DLL
0x000007fefa150000 - 0x000007fefa168000 	C:\Windows\system32\dhcpcsvc.DLL
0x000007fee44d0000 - 0x000007fee44dd000 	C:\cygwin64\home\frontdesk\.sdkman\candidates\java\8u131-zulu\jre\bin\management.dll

VM Arguments:
jvm_args: -XX:MaxPermSize=256m -XX:+HeapDumpOnOutOfMemoryError -Xmx1024m -Dfile.encoding=UTF-8 -Duser.country=US -Duser.language=en -Duser.variant 
java_command: org.gradle.launcher.daemon.bootstrap.GradleDaemon 3.4.1
java_class_path (initial): C:\Users\tfarmer\.gradle\wrapper\dists\gradle-3.4.1-bin\71zneekfcxxu7l9p7nr2sc65s\gradle-3.4.1\lib\gradle-launcher-3.4.1.jar
Launcher Type: SUN_STANDARD

Environment Variables:
PATH=C:\ProgramData\Oracle\Java\javapath;C:\Program Files\Common Files\Microsoft Shared\Microsoft Online Services;C:\Program Files (x86)\Common Files\Microsoft Shared\Microsoft Online Services;C:\Program Files (x86)\Intel\iCLS Client\;C:\Program Files\Intel\iCLS Client\;C:\Windows\system32;C:\Windows;C:\Windows\System32\Wbem;C:\Windows\System32\WindowsPowerShell\v1.0\;C:\Program Files (x86)\Intel\OpenCL SDK\2.0\bin\x86;C:\Program Files (x86)\Intel\OpenCL SDK\2.0\bin\x64;C:\Program Files\Intel\Intel(R) Management Engine Components\DAL;C:\Program Files\Intel\Intel(R) Management Engine Components\IPT;C:\Program Files (x86)\Intel\Intel(R) Management Engine Components\DAL;C:\Program Files (x86)\Intel\Intel(R) Management Engine Components\IPT;C:\Sybase\OCS-12_0\dll;C:\Sybase\OCS-12_0\bin;C:\Informix\bin;C:\Program Files (x86)\ibm\gsk7\bin;C:\Program Files (x86)\ibm\gsk7\lib;C:\Users\tfarmer\AppData\Local\atom\bin
USERNAME=frontdesk
OS=Windows_NT
PROCESSOR_IDENTIFIER=Intel64 Family 6 Model 58 Stepping 9, GenuineIntel



---------------  S Y S T E M  ---------------

OS: Windows 7 , 64 bit Build 7601 (6.1.7601.23796)

CPU:total 4 (initial active 4) (2 cores per cpu, 2 threads per core) family 6 model 58 stepping 9, cmov, cx8, fxsr, mmx, sse, sse2, sse3, ssse3, sse4.1, sse4.2, popcnt, avx, clmul, erms, ht, tsc, tscinvbit, tscinv

Memory: 4k page, physical 8221312k(1746320k free), swap 8219452k(5168k free)

vm_info: OpenJDK 64-Bit Server VM (25.131-b11) for windows-amd64 JRE (1.8.0_131-b11), built on Apr 12 2017 05:31:44 by "tester" with MS VC++ 10.0 (VS2010)

time: Fri Jun 02 14:57:07 2017
elapsed time: 3 seconds (0d 0h 0m 3s)

